<?xml version="1.0" encoding="UTF-8"?>
<!-- Generated by org.testng.reporters.JUnitReportReporter -->
<testsuite hostname="PL00187.local" failures="0" tests="1" name="com.weathershopper.tests.WeatherShopperTest" time="16.551" errors="0" timestamp="2022-01-31T15:55:33 CET" skipped="0">
  <testcase classname="com.weathershopper.tests.WeatherShopperTest" name="TC01_weatherShopperEndToEndTest" time="16.551"/>
  <system-out/>
</testsuite> <!-- com.weathershopper.tests.WeatherShopperTest -->
